2026-07-06 19:34  NEW CONFIRMED ocean:Long Sands, York ME:2026-07-08 grade=good bust=5%
2026-07-06 19:34  NEW CONFIRMED ocean:Rockaway Beach (90th St peaks):2026-07-07 grade=fair bust=5%
2026-07-07 10:35  NEW CONFIRMED ocean:Ditch Plains, Montauk:2026-07-07 grade=fair bust=5%
2026-07-07 10:35  NEW HEADS_UP ocean:Ditch Plains, Montauk:2026-07-10 grade=fair bust=6%
2026-07-07 10:35  NEW CONFIRMED ocean:Narragansett Town Beach:2026-07-07 grade=fair bust=5%
2026-07-07 10:35  NEW CONFIRMED ocean:Long Sands, York ME:2026-07-07 grade=good bust=5%
2026-07-07 10:35  NEW HEADS_UP ocean:Rockaway Beach (90th St peaks):2026-07-10 grade=good bust=6%
2026-07-07 18:34  NEW HEADS_UP ocean:Narragansett Town Beach:2026-07-10 grade=fair bust=6%
2026-07-08 07:41  DOWNGRADE HEADS_UP ocean:Rockaway Beach (90th St peaks):2026-07-10 grade=fair bust=5%
2026-07-08 07:42  PAST ocean:Ditch Plains, Montauk:2026-07-07
2026-07-08 07:42  PAST ocean:Narragansett Town Beach:2026-07-07
2026-07-08 07:42  PAST ocean:Rockaway Beach (90th St peaks):2026-07-07
2026-07-09 10:34  ADVANCE CONFIRMED ocean:Ditch Plains, Montauk:2026-07-10 grade=fair bust=5%
2026-07-09 10:34  ADVANCE CONFIRMED ocean:Narragansett Town Beach:2026-07-10 grade=fair bust=5%
2026-07-09 10:34  NEW CONFIRMED ocean:Long Sands, York ME:2026-07-09 grade=good bust=5%
2026-07-09 10:34  NEW HEADS_UP ocean:Long Sands, York ME:2026-07-13 grade=fair bust=12%
2026-07-09 10:34  ADVANCE CONFIRMED ocean:Rockaway Beach (90th St peaks):2026-07-10 grade=fair bust=5%
2026-07-09 18:14  UPGRADE CONFIRMED ocean:Rockaway Beach (90th St peaks):2026-07-10 grade=good bust=5%
2026-07-10 10:30  NEW CONFIRMED ocean:Long Sands, York ME:2026-07-10 grade=good bust=5%
2026-07-10 10:30  DOWNGRADE CONFIRMED ocean:Rockaway Beach (90th St peaks):2026-07-10 grade=fair bust=5%
2026-07-10 10:30  NEW HEADS_UP ocean:Rockaway Beach (90th St peaks):2026-07-13 grade=fair bust=6%
2026-07-10 10:30  NEW WHISPER lake:Sodus:2026-07-14 grade=fair bust=68%
2026-07-10 17:31  UPGRADE CONFIRMED ocean:Rockaway Beach (90th St peaks):2026-07-10 grade=good bust=5%
2026-07-11 06:28  NEW CONFIRMED ocean:Ditch Plains, Montauk:2026-07-11 grade=fair bust=5%
2026-07-11 06:28  NEW WHISPER ocean:Ditch Plains, Montauk:2026-07-17 grade=fair bust=24%
2026-07-11 06:28  NEW CONFIRMED ocean:Narragansett Town Beach:2026-07-11 grade=fair bust=5%
2026-07-11 06:28  NEW CONFIRMED ocean:Long Sands, York ME:2026-07-11 grade=fair bust=5%
2026-07-11 06:28  NEW HEADS_UP ocean:Long Sands, York ME:2026-07-14 grade=fair bust=6%
2026-07-11 06:28  NEW CONFIRMED ocean:Rockaway Beach (90th St peaks):2026-07-11 grade=fair bust=5%
2026-07-12 07:36  NEW CONFIRMED ocean:Ditch Plains, Montauk:2026-07-12 grade=fair bust=5%
2026-07-12 07:36  NEW CONFIRMED ocean:Narragansett Town Beach:2026-07-12 grade=fair bust=5%
2026-07-12 07:36  NEW CONFIRMED ocean:Long Sands, York ME:2026-07-12 grade=fair bust=5%
2026-07-12 07:36  NEW WHISPER ocean:Long Sands, York ME:2026-07-19 grade=good bust=30%
2026-07-12 07:36  NEW CONFIRMED ocean:Rockaway Beach (90th St peaks):2026-07-12 grade=fair bust=5%
2026-07-12 07:36  NEW HEADS_UP ocean:Rockaway Beach (90th St peaks):2026-07-15 grade=fair bust=6%
2026-07-12 07:37  PAST ocean:Long Sands, York ME:2026-07-07
2026-07-12 07:37  PAST ocean:Long Sands, York ME:2026-07-09
2026-07-12 07:37  PAST ocean:Long Sands, York ME:2026-07-10
2026-07-12 07:37  PAST ocean:Long Sands, York ME:2026-07-11
2026-07-12 07:37  PAST ocean:Narragansett Town Beach:2026-07-10
2026-07-12 07:37  PAST ocean:Rockaway Beach (90th St peaks):2026-07-11
2026-07-12 14:42  NEW HEADS_UP ocean:Ditch Plains, Montauk:2026-07-15 grade=fair bust=6%
2026-07-12 14:43  NEW HEADS_UP ocean:Narragansett Town Beach:2026-07-15 grade=fair bust=6%
2026-07-12 14:43  DOWNGRADE WHISPER ocean:Long Sands, York ME:2026-07-19 grade=fair bust=30%
2026-07-12 14:43  NEW WHISPER ocean:Rockaway Beach (90th St peaks):2026-07-19 grade=good bust=30%
2026-07-13 10:38  ADVANCE CONFIRMED ocean:Ditch Plains, Montauk:2026-07-15 grade=good bust=5%
2026-07-13 10:38  ADVANCE CONFIRMED ocean:Long Sands, York ME:2026-07-14 grade=fair bust=5%
2026-07-13 10:38  UPGRADE WHISPER ocean:Long Sands, York ME:2026-07-19 grade=good bust=24%
2026-07-13 10:38  ADVANCE CONFIRMED ocean:Rockaway Beach (90th St peaks):2026-07-13 grade=fair bust=5%
2026-07-13 10:38  UPGRADE HEADS_UP ocean:Rockaway Beach (90th St peaks):2026-07-15 grade=good bust=5%
2026-07-13 10:38  NEW CONFIRMED lake:Oswego east:2026-07-14 grade=fair bust=32%
2026-07-13 10:39  PAST ocean:Ditch Plains, Montauk:2026-07-10
2026-07-13 10:39  PAST ocean:Ditch Plains, Montauk:2026-07-11
2026-07-13 10:39  PAST ocean:Ditch Plains, Montauk:2026-07-12
2026-07-13 10:39  PAST ocean:Long Sands, York ME:2026-07-08
2026-07-13 10:39  PAST ocean:Long Sands, York ME:2026-07-12
2026-07-13 10:39  PAST ocean:Narragansett Town Beach:2026-07-11
2026-07-13 10:39  PAST ocean:Narragansett Town Beach:2026-07-12
2026-07-13 18:14  DOWNGRADE CONFIRMED ocean:Ditch Plains, Montauk:2026-07-15 grade=fair bust=5%
2026-07-13 18:14  NEW WHISPER ocean:Ditch Plains, Montauk:2026-07-19 grade=fair bust=24%
2026-07-13 18:14  DOWNGRADE WHISPER ocean:Long Sands, York ME:2026-07-19 grade=fair bust=24%
2026-07-13 18:14  DOWNGRADE HEADS_UP ocean:Rockaway Beach (90th St peaks):2026-07-15 grade=fair bust=5%
2026-07-13 18:14  DOWNGRADE WHISPER ocean:Rockaway Beach (90th St peaks):2026-07-19 grade=fair bust=24%
2026-07-13 18:14  NEW WHISPER lake:Sodus:2026-07-16 grade=fair bust=56%
2026-07-14 06:28  UPGRADE CONFIRMED ocean:Ditch Plains, Montauk:2026-07-15 grade=good bust=5%
2026-07-14 06:28  ADVANCE CONFIRMED ocean:Narragansett Town Beach:2026-07-15 grade=fair bust=5%
2026-07-14 06:28  NEW CONFIRMED ocean:Long Sands, York ME:2026-07-15 grade=fair bust=5%
2026-07-14 06:28  ADVANCE CONFIRMED ocean:Rockaway Beach (90th St peaks):2026-07-15 grade=fair bust=5%
2026-07-14 06:28  UPGRADE WHISPER ocean:Rockaway Beach (90th St peaks):2026-07-19 grade=good bust=18%
2026-07-14 06:28  PAST ocean:Rockaway Beach (90th St peaks):2026-07-12
2026-07-14 06:28  PAST ocean:Rockaway Beach (90th St peaks):2026-07-13
2026-07-14 16:03  DOWNGRADE CONFIRMED ocean:Ditch Plains, Montauk:2026-07-15 grade=fair bust=5%
2026-07-14 16:03  ADVANCE HEADS_UP ocean:Ditch Plains, Montauk:2026-07-19 grade=good bust=18%
2026-07-14 16:03  ADVANCE HEADS_UP ocean:Long Sands, York ME:2026-07-19 grade=good bust=18%
2026-07-14 16:03  NEW CONFIRMED ocean:Rockaway Beach (90th St peaks):2026-07-14 grade=good bust=5%
2026-07-15 06:32  DOWNGRADE HEADS_UP ocean:Ditch Plains, Montauk:2026-07-19 grade=fair bust=12%
2026-07-15 06:32  NEW HEADS_UP ocean:Rockaway Beach (90th St peaks):2026-07-18 grade=good bust=6%
2026-07-15 06:33  PAST lake:Oswego east:2026-07-14
2026-07-15 06:33  PAST lake:Sodus:2026-07-14
2026-07-15 06:33  PAST ocean:Long Sands, York ME:2026-07-13
2026-07-15 16:10  UPGRADE HEADS_UP ocean:Ditch Plains, Montauk:2026-07-19 grade=good bust=12%
2026-07-15 16:10  NEW HEADS_UP ocean:Long Sands, York ME:2026-07-18 grade=good bust=6%
2026-07-15 16:10  NEW WHISPER lake:Sodus:2026-07-19 grade=fair bust=68%
2026-07-16 06:41  NEW CONFIRMED ocean:Ditch Plains, Montauk:2026-07-16 grade=fair bust=5%
2026-07-16 06:41  NEW HEADS_UP ocean:Narragansett Town Beach:2026-07-19 grade=good bust=6%
2026-07-16 06:41  NEW CONFIRMED ocean:Rockaway Beach (90th St peaks):2026-07-16 grade=fair bust=5%
2026-07-16 06:41  ADVANCE HEADS_UP ocean:Rockaway Beach (90th St peaks):2026-07-19 grade=good bust=6%
2026-07-16 06:41  PAST ocean:Long Sands, York ME:2026-07-14
2026-07-16 06:41  PAST ocean:Long Sands, York ME:2026-07-15
2026-07-16 06:41  PAST ocean:Narragansett Town Beach:2026-07-15
2026-07-16 16:03  NEW WHISPER ocean:Long Sands, York ME:2026-07-22 grade=good bust=24%
2026-07-16 16:03  DOWNGRADE HEADS_UP ocean:Rockaway Beach (90th St peaks):2026-07-19 grade=fair bust=6%
2026-07-17 03:10  ADVANCE CONFIRMED ocean:Ditch Plains, Montauk:2026-07-19 grade=fair bust=5%
2026-07-17 03:11  DOWNGRADE HEADS_UP ocean:Long Sands, York ME:2026-07-19 grade=fair bust=5%
2026-07-17 03:11  UPGRADE HEADS_UP ocean:Rockaway Beach (90th St peaks):2026-07-19 grade=good bust=5%
2026-07-17 03:12  PAST lake:Sodus:2026-07-16
2026-07-17 03:12  PAST ocean:Rockaway Beach (90th St peaks):2026-07-10
2026-07-17 03:12  PAST ocean:Rockaway Beach (90th St peaks):2026-07-15
2026-07-17 03:12  PAST ocean:Rockaway Beach (90th St peaks):2026-07-16
2026-07-17 06:31  ADVANCE CONFIRMED ocean:Ditch Plains, Montauk:2026-07-17 grade=fair bust=5%
2026-07-17 06:31  UPGRADE HEADS_UP ocean:Long Sands, York ME:2026-07-19 grade=good bust=5%
2026-07-17 16:02  UPGRADE CONFIRMED ocean:Ditch Plains, Montauk:2026-07-19 grade=good bust=5%
2026-07-17 16:02  NEW HEADS_UP ocean:Narragansett Town Beach:2026-07-22 grade=good bust=18%
2026-07-17 16:02  DOWNGRADE HEADS_UP ocean:Long Sands, York ME:2026-07-19 grade=fair bust=5%
2026-07-18 05:53  ADVANCE CONFIRMED ocean:Narragansett Town Beach:2026-07-19 grade=good bust=5%
2026-07-18 05:53  NEW HEADS_UP ocean:Narragansett Town Beach:2026-07-23 grade=good bust=18%
2026-07-18 05:53  ADVANCE CONFIRMED ocean:Long Sands, York ME:2026-07-19 grade=fair bust=5%
2026-07-18 05:53  NEW HEADS_UP ocean:Long Sands, York ME:2026-07-23 grade=good bust=18%
2026-07-18 05:53  ADVANCE CONFIRMED ocean:Rockaway Beach (90th St peaks):2026-07-19 grade=good bust=5%
2026-07-18 05:53  NEW HEADS_UP ocean:Rockaway Beach (90th St peaks):2026-07-22 grade=good bust=12%
2026-07-18 05:53  NEW WHISPER lake:Sodus:2026-07-22 grade=fair bust=68%
2026-07-18 05:53  PAST ocean:Ditch Plains, Montauk:2026-07-15
2026-07-18 05:53  PAST ocean:Ditch Plains, Montauk:2026-07-16
2026-07-18 05:53  PAST ocean:Ditch Plains, Montauk:2026-07-17
2026-07-18 14:38  DOWNGRADE CONFIRMED ocean:Narragansett Town Beach:2026-07-19 grade=fair bust=5%
2026-07-18 14:38  DOWNGRADE CONFIRMED ocean:Rockaway Beach (90th St peaks):2026-07-19 grade=fair bust=5%
2026-07-19 07:33  UPGRADE CONFIRMED ocean:Narragansett Town Beach:2026-07-19 grade=good bust=5%
2026-07-19 07:33  ADVANCE HEADS_UP ocean:Long Sands, York ME:2026-07-22 grade=good bust=6%
2026-07-19 14:43  NEW HEADS_UP ocean:Ditch Plains, Montauk:2026-07-22 grade=good bust=6%
2026-07-19 14:43  DOWNGRADE CONFIRMED ocean:Narragansett Town Beach:2026-07-19 grade=fair bust=5%
2026-07-20 08:29  NEW CONFIRMED ocean:Ditch Plains, Montauk:2026-07-20 grade=fair bust=5%
2026-07-20 08:29  NEW HEADS_UP ocean:Ditch Plains, Montauk:2026-07-23 grade=good bust=6%
2026-07-20 08:29  NEW CONFIRMED ocean:Narragansett Town Beach:2026-07-20 grade=fair bust=5%
2026-07-20 08:29  NEW CONFIRMED ocean:Rockaway Beach (90th St peaks):2026-07-20 grade=fair bust=5%
2026-07-20 08:29  ADVANCE HEADS_UP lake:Sodus:2026-07-22 grade=fair bust=44%
2026-07-20 08:29  PAST lake:Sodus:2026-07-19
2026-07-20 08:29  PAST ocean:Long Sands, York ME:2026-07-19
2026-07-20 16:45  NEW WHISPER ocean:Ditch Plains, Montauk:2026-07-26 grade=good bust=24%
2026-07-20 16:45  ADVANCE CONFIRMED ocean:Narragansett Town Beach:2026-07-22 grade=good bust=5%
2026-07-20 16:45  ADVANCE CONFIRMED ocean:Long Sands, York ME:2026-07-22 grade=good bust=5%
2026-07-20 16:45  NEW WHISPER ocean:Rockaway Beach (90th St peaks):2026-07-26 grade=good bust=24%
2026-07-21 07:42  ADVANCE CONFIRMED ocean:Rockaway Beach (90th St peaks):2026-07-22 grade=good bust=5%
2026-07-21 07:42  PAST ocean:Ditch Plains, Montauk:2026-07-19
2026-07-21 07:42  PAST ocean:Ditch Plains, Montauk:2026-07-20
2026-07-21 07:42  PAST ocean:Narragansett Town Beach:2026-07-19
2026-07-21 07:42  PAST ocean:Narragansett Town Beach:2026-07-20
2026-07-21 07:42  PAST ocean:Rockaway Beach (90th St peaks):2026-07-19
2026-07-21 07:42  PAST ocean:Rockaway Beach (90th St peaks):2026-07-20
2026-07-21 16:08  NEW CONFIRMED lake:Fair Haven:2026-07-22 grade=fair bust=32%
2026-07-22 07:42  ADVANCE CONFIRMED ocean:Ditch Plains, Montauk:2026-07-23 grade=good bust=5%
2026-07-22 07:42  DOWNGRADE WHISPER ocean:Ditch Plains, Montauk:2026-07-26 grade=fair bust=12%
2026-07-22 07:42  NEW WHISPER ocean:Narragansett Town Beach:2026-07-28 grade=good bust=24%
2026-07-22 16:09  ADVANCE CONFIRMED ocean:Ditch Plains, Montauk:2026-07-22 grade=good bust=5%
2026-07-23 07:44  NEW WHISPER ocean:Ditch Plains, Montauk:2026-07-29 grade=good bust=24%
2026-07-23 07:44  ADVANCE CONFIRMED ocean:Narragansett Town Beach:2026-07-23 grade=good bust=5%
2026-07-23 07:44  ADVANCE CONFIRMED ocean:Long Sands, York ME:2026-07-23 grade=good bust=5%
2026-07-23 07:44  NEW WHISPER ocean:Long Sands, York ME:2026-07-30 grade=good bust=30%
2026-07-23 07:44  NEW CONFIRMED ocean:Rockaway Beach (90th St peaks):2026-07-23 grade=good bust=5%
2026-07-23 07:44  PAST lake:Fair Haven:2026-07-22
2026-07-23 07:44  PAST lake:Sodus:2026-07-22
2026-07-23 16:50  ADVANCE HEADS_UP ocean:Ditch Plains, Montauk:2026-07-26 grade=good bust=6%
